[周三 2025/12/24 23:16:48.58] =================================================== 
[周三 2025/12/24 23:16:48.58] Starting Auto-Push Process for DBFD 
[周三 2025/12/24 23:16:48.59] Target Directory: D:\Github\DBFD 
[周三 2025/12/24 23:16:48.73] Repository Root: D:/Github/DBFD 
[周三 2025/12/24 23:16:48.81] Detected Branch: master 
[周三 2025/12/24 23:16:48.81] Checking for local changes... 
[周三 2025/12/24 23:16:48.97] Changes detected. Committing... 
AM auto_git_dbfd.log
A  auto_push.bat
A  gh_key
A  start_auto_push.bat
[master 2461c2d] Auto-commit: 周三 2025/12/24 23:16:48.96
 4 files changed, 134 insertions(+)
 create mode 100644 auto_git_dbfd.log
 create mode 100644 auto_push.bat
 create mode 100644 gh_key
 create mode 100644 start_auto_push.bat
[周三 2025/12/24 23:16:49.15] Commit successful. 
[周三 2025/12/24 23:16:49.15] Pulling updates from remote [master]... 
error: cannot pull with rebase: You have unstaged changes.
error: Please commit or stash them.
[周三 2025/12/24 23:16:49.22] [WARN] Pull failed or no remote ref. Attempting push anyway... 
[周三 2025/12/24 23:16:49.23] Pushing to remote [master]... 
[周三 2025/12/24 23:17:09.40] [ERROR] Push Failed - Exit Code: 128 
[周三 2025/12/24 23:17:09.41] Check if remote URL is correct and SSH key is valid. 
[周三 2025/12/24 23:17:09.41] Process Finished. 
[周三 2025/12/24 23:17:09.42] =================================================== 
[周三 2025/12/24 23:17:18.84] =================================================== 
[周三 2025/12/24 23:17:18.85] Starting Auto-Push Process for DBFD 
[周三 2025/12/24 23:17:18.85] Target Directory: D:\Github\DBFD 
[周三 2025/12/24 23:17:18.98] Repository Root: D:/Github/DBFD 
[周三 2025/12/24 23:17:19.05] Detected Branch: master 
[周三 2025/12/24 23:17:19.05] Checking for local changes... 
[周三 2025/12/24 23:17:19.18] Changes detected. Committing... 
MM auto_git_dbfd.log
[master 329b658] Auto-commit: 周三 2025/12/24 23:17:19.18
 1 file changed, 27 insertions(+)
[周三 2025/12/24 23:17:19.38] Commit successful. 
[周三 2025/12/24 23:17:19.38] Pulling updates from remote [master]... 
error: cannot pull with rebase: You have unstaged changes.
error: Please commit or stash them.
[周三 2025/12/24 23:17:19.46] [WARN] Pull failed or no remote ref. Attempting push anyway... 
[周三 2025/12/24 23:17:19.46] Pushing to remote [master]... 
[周三 2025/12/24 23:17:40.69] [ERROR] Push Failed - Exit Code: 128 
[周三 2025/12/24 23:17:40.69] Check if remote URL is correct and SSH key is valid. 
[周三 2025/12/24 23:17:40.70] Process Finished. 
[周三 2025/12/24 23:17:40.70] =================================================== 
[周三 2025/12/24 23:18:53.40] =================================================== 
[周三 2025/12/24 23:18:53.40] Starting Auto-Push Process for DBFD 
[周三 2025/12/24 23:18:53.41] Target Directory: D:\Github\DBFD 
[周三 2025/12/24 23:18:53.55] Repository Root: D:/Github/DBFD 
[周三 2025/12/24 23:18:53.62] Detected Branch: master 
[周三 2025/12/24 23:18:53.63] Checking for local changes... 
[周三 2025/12/24 23:18:53.78] Changes detected. Committing... 
MM auto_git_dbfd.log
D  auto_git_push.bat
D  start_auto_push.bat
[master 0e59f61] Auto-commit: 周三 2025/12/24 23:18:53.77
 3 files changed, 20 insertions(+), 26 deletions(-)
 delete mode 100644 auto_git_push.bat
 delete mode 100644 start_auto_push.bat
[周三 2025/12/24 23:18:53.96] Commit successful. 
[周三 2025/12/24 23:18:53.96] Pulling updates from remote [master]... 
error: cannot pull with rebase: You have unstaged changes.
error: Please commit or stash them.
[周三 2025/12/24 23:18:54.03] [WARN] Pull failed or no remote ref. Attempting push anyway... 
[周三 2025/12/24 23:18:54.04] Pushing to remote [master]... 
[周三 2025/12/24 23:22:42.64] =================================================== 
[周三 2025/12/24 23:22:42.64] Starting Sync Cycle... 
[周三 2025/12/24 23:22:42.77] Current Branch: master 
[周三 2025/12/24 23:22:42.78] Checking for local changes... 
[周三 2025/12/24 23:22:42.91] Changes detected. Committing... 
MM auto_git_dbfd.log
M  auto_push.bat
[master 99166db] Auto-commit: 周三 2025/12/24 23:22:42.91
 2 files changed, 42 insertions(+), 33 deletions(-)
[周三 2025/12/24 23:22:43.09] Commit successful. 
[周三 2025/12/24 23:22:43.09] Pulling updates from remote... 
error: cannot pull with rebase: You have unstaged changes.
error: Please commit or stash them.
[周三 2025/12/24 23:22:43.16] [WARN] Pull failed (conflicts or no upstream). Attempting push anyway... 
[周三 2025/12/24 23:22:43.17] Pushing to remote... 
[周三 2025/12/24 23:22:55.64] [ERROR] Push Failed. Check log/network. 
[周三 2025/12/24 23:22:55.65] Cycle Finished. Waiting 1 hour... 
[周三 2025/12/24 23:26:27.08] =================================================== 
[周三 2025/12/24 23:26:27.09] Starting Sync Cycle... 
[周三 2025/12/24 23:26:27.22] Current Branch: master 
[周三 2025/12/24 23:26:27.22] Checking for local changes... 
[周三 2025/12/24 23:26:27.36] Changes detected. Committing... 
MM auto_git_dbfd.log
[master 7ad17b5] Auto-commit: 周三 2025/12/24 23:26:27.35
 1 file changed, 4 insertions(+)
[周三 2025/12/24 23:26:27.53] Commit successful. 
[周三 2025/12/24 23:26:27.53] Pulling updates from remote... 
error: cannot pull with rebase: You have unstaged changes.
error: Please commit or stash them.
[周三 2025/12/24 23:26:27.59] [WARN] Pull failed (conflicts or no upstream). Attempting push anyway... 
[周三 2025/12/24 23:26:27.60] Pushing to remote... 
[周三 2025/12/24 23:26:48.81] [ERROR] Push Failed. Check log/network. 
[周三 2025/12/24 23:26:48.82] Cycle Finished. Waiting 1 hour... 
M  auto_git_dbfd.log
M  auto_push.bat
[master d72f8b8] Auto-commit: 周三 2025/12/24 23:27:30.22
 2 files changed, 12 insertions(+), 9 deletions(-)
error: cannot pull with rebase: You have unstaged changes.
error: Please commit or stash them.
[周三 2025/12/24 23:27:46.47] =================================================== 
[周三 2025/12/24 23:27:46.48] Starting Sync Cycle... 
[周三 2025/12/24 23:27:46.64] Current Branch: master 
[周三 2025/12/24 23:27:46.64] Checking for local changes... 
[周三 2025/12/24 23:27:46.78] Changes detected. Committing... 
MM auto_git_dbfd.log
M  auto_push.bat
[master 2142d08] Auto-commit: 周三 2025/12/24 23:27:46.78
 2 files changed, 19 insertions(+)
[周三 2025/12/24 23:27:46.98] Commit successful. 
[周三 2025/12/24 23:27:46.98] Pulling updates from remote... 
error: cannot pull with rebase: You have unstaged changes.
error: Please commit or stash them.
[周三 2025/12/24 23:27:47.05] [WARN] Pull failed (conflicts or no upstream). Attempting push anyway... 
[周三 2025/12/24 23:27:47.06] Pushing to remote... 
[周三 2025/12/24 23:28:08.31] [ERROR] Push Failed. Check log/network. 
[周三 2025/12/24 23:28:08.31] Cycle Finished. Waiting 1 hour... 
[周三 2025/12/24 23:28:16.40] =================================================== 
[周三 2025/12/24 23:28:16.40] Starting Sync Cycle... 
[周三 2025/12/24 23:28:16.57] Current Branch: master 
[周三 2025/12/24 23:28:16.57] Checking for local changes... 
[周三 2025/12/24 23:28:16.71] Changes detected. Committing... 
MM auto_git_dbfd.log
[master 4be477a] Auto-commit: 周三 2025/12/24 23:28:16.71
 1 file changed, 17 insertions(+)
[周三 2025/12/24 23:28:16.92] Commit successful. 
[周三 2025/12/24 23:28:16.93] Pulling updates from remote... 
error: cannot pull with rebase: You have unstaged changes.
error: Please commit or stash them.
[周三 2025/12/24 23:28:17.00] [WARN] Pull failed (conflicts or no upstream). Attempting push anyway... 
[周三 2025/12/24 23:28:17.00] Pushing to remote... 
[周三 2025/12/24 23:28:38.25] [ERROR] Push Failed. Check log/network. 
[周三 2025/12/24 23:28:38.25] Cycle Finished. Waiting 1 hour... 
[周三 2025/12/24 23:28:43.29] =================================================== 
[周三 2025/12/24 23:28:43.29] Starting Sync Cycle... 
[周三 2025/12/24 23:28:43.45] Current Branch: master 
[周三 2025/12/24 23:28:43.46] Checking for local changes... 
[周三 2025/12/24 23:28:43.60] Changes detected. Committing... 
MM auto_git_dbfd.log
[master 858812d] Auto-commit: 周三 2025/12/24 23:28:43.60
 1 file changed, 16 insertions(+)
[周三 2025/12/24 23:28:43.80] Commit successful. 
[周三 2025/12/24 23:28:43.80] Pulling updates from remote... 
error: cannot pull with rebase: You have unstaged changes.
error: Please commit or stash them.
[周三 2025/12/24 23:28:43.87] [WARN] Pull failed (conflicts or no upstream). Attempting push anyway... 
[周三 2025/12/24 23:28:43.87] Pushing to remote... 
[周三 2025/12/24 23:29:05.10] [ERROR] Push Failed. Check log/network. 
[周三 2025/12/24 23:29:05.11] Cycle Finished. Waiting 1 hour... 
[周三 2025/12/24 23:31:34.91] =================================================== 
[周三 2025/12/24 23:31:34.92] [SUCCESS] Push Successful. 
[周三 2025/12/24 23:31:34.92] Process Finished. 
[周三 2025/12/24 23:31:34.92] =================================================== 
[周三 2025/12/24 23:31:44.57] =================================================== 
[周三 2025/12/24 23:31:44.57] [SUCCESS] Push Successful. 
[周三 2025/12/24 23:31:44.58] Process Finished. 
[周三 2025/12/24 23:31:44.58] =================================================== 
[周三 2025/12/24 23:32:00.20] =================================================== 
[周三 2025/12/24 23:32:00.20] Starting Sync Cycle... 
[周三 2025/12/24 23:32:00.34] Current Branch: master 
[周三 2025/12/24 23:32:00.34] Checking for local changes... 
[周三 2025/12/24 23:32:00.48] Changes detected. Committing... 
MM auto_git_dbfd.log
[master c9cd0ec] Auto-commit: 周三 2025/12/24 23:32:00.47
 1 file changed, 24 insertions(+)
[周三 2025/12/24 23:32:00.67] Commit successful. 
[周三 2025/12/24 23:32:00.67] Pulling updates from remote... 
error: cannot pull with rebase: You have unstaged changes.
error: Please commit or stash them.
[周三 2025/12/24 23:32:00.74] [WARN] Pull failed (conflicts or no upstream). Attempting push anyway... 
[周三 2025/12/24 23:32:00.74] Pushing to remote... 
[周三 2025/12/24 23:32:06.01] [ERROR] Push Failed. Check log/network. 
[周三 2025/12/24 23:32:06.01] Cycle Finished. Waiting 1 hour... 
[周三 2025/12/24 23:34:17.56] =================================================== 
[周三 2025/12/24 23:34:17.57] Starting Sync Cycle... 
[周三 2025/12/24 23:34:17.76] Process Finished. 
[周三 2025/12/24 23:34:17.76] =================================================== 
[周三 2025/12/24 23:39:20.01] =================================================== 
[周三 2025/12/24 23:39:20.02] Starting Sync Cycle... 
[周三 2025/12/24 23:39:20.16] Process Finished. 
[周三 2025/12/24 23:39:20.16] =================================================== 
[周三 2025/12/24 23:42:46.73] =================================================== 
[周三 2025/12/24 23:42:46.73] Starting Sync Cycle... 
[周三 2025/12/24 23:42:46.86] Current Branch: master 
[周三 2025/12/24 23:42:46.87] Checking for local changes... 
[周三 2025/12/24 23:42:47.01] Changes detected. Files to be committed: 
MM auto_git_dbfd.log
M  auto_push.bat
D  yolo_v8_train.py
[周三 2025/12/24 23:42:47.14] Committing changes... 
[master 937476c] Auto-commit: 周三 2025/12/24 23:42:47.00
 3 files changed, 70 insertions(+), 27 deletions(-)
 delete mode 100644 yolo_v8_train.py
[周三 2025/12/24 23:42:47.25] Commit successful. 
[周三 2025/12/24 23:42:47.26] Pulling updates from remote... 
error: cannot pull with rebase: You have unstaged changes.
error: Please commit or stash them.
[周三 2025/12/24 23:42:47.32] [WARN] Pull failed (conflicts or no upstream). Attempting push anyway... 
[周三 2025/12/24 23:42:47.45] Pushing to remote... 
[周三 2025/12/24 23:43:07.60] [ERROR] Push Failed. Check log/network. 
[周三 2025/12/24 23:43:07.60] Process Finished. 
[周三 2025/12/24 23:43:07.61] =================================================== 
[周三 2025/12/24 23:43:15.24] =================================================== 
[周三 2025/12/24 23:43:15.25] Starting Sync Cycle... 
[周三 2025/12/24 23:43:15.39] Current Branch: master 
[周三 2025/12/24 23:43:15.39] Checking for local changes... 
[周三 2025/12/24 23:43:15.53] Changes detected. Files to be committed: 
MM auto_git_dbfd.log
[周三 2025/12/24 23:43:15.67] Committing changes... 
[master 64a5ccc] Auto-commit: 周三 2025/12/24 23:43:15.53
 1 file changed, 21 insertions(+)
[周三 2025/12/24 23:43:15.78] Commit successful. 
[周三 2025/12/24 23:43:15.78] Pulling updates from remote... 
error: cannot pull with rebase: You have unstaged changes.
error: Please commit or stash them.
[周三 2025/12/24 23:43:15.85] [WARN] Pull failed (conflicts or no upstream). Attempting push anyway... 
[周三 2025/12/24 23:43:15.98] Pushing to remote... 
[周三 2025/12/24 23:43:37.23] [ERROR] Push Failed. Check log/network. 
[周三 2025/12/24 23:43:37.23] Process Finished. 
[周三 2025/12/24 23:43:37.24] =================================================== 
[周三 2025/12/24 23:43:50.76] =================================================== 
[周三 2025/12/24 23:43:50.76] Starting Sync Cycle... 
[周三 2025/12/24 23:43:50.90] Current Branch: master 
[周三 2025/12/24 23:43:50.90] Checking for local changes... 
[周三 2025/12/24 23:43:51.04] Changes detected. Files to be committed: 
MM auto_git_dbfd.log
[周三 2025/12/24 23:43:51.19] Committing changes... 
[master 15fb169] Auto-commit: 周三 2025/12/24 23:43:51.04
 1 file changed, 18 insertions(+)
[周三 2025/12/24 23:43:51.30] Commit successful. 
[周三 2025/12/24 23:43:51.31] Pulling updates from remote... 
error: cannot pull with rebase: You have unstaged changes.
error: Please commit or stash them.
[周三 2025/12/24 23:43:51.37] [WARN] Pull failed (conflicts or no upstream). Attempting push anyway... 
[周三 2025/12/24 23:43:51.49] Pushing to remote... 
[周三 2025/12/24 23:44:12.72] [ERROR] Push Failed. Check log/network. 
[周三 2025/12/24 23:44:12.72] Process Finished. 
[周三 2025/12/24 23:44:12.73] =================================================== 
[周三 2025/12/24 23:44:21.84] =================================================== 
[周三 2025/12/24 23:44:21.84] Starting Sync Cycle... 
[周三 2025/12/24 23:44:21.97] Current Branch: master 
[周三 2025/12/24 23:44:21.98] Checking for local changes... 
[周三 2025/12/24 23:44:22.10] Changes detected. Files to be committed: 
MM auto_git_dbfd.log
[周三 2025/12/24 23:44:22.23] Committing changes... 
[master 6e7bdfc] Auto-commit: 周三 2025/12/24 23:44:22.10
 1 file changed, 18 insertions(+)
[周三 2025/12/24 23:44:22.34] Commit successful. 
[周三 2025/12/24 23:44:22.34] Pulling updates from remote... 
error: cannot pull with rebase: You have unstaged changes.
error: Please commit or stash them.
[周三 2025/12/24 23:44:22.40] [WARN] Pull failed (conflicts or no upstream). Attempting push anyway... 
[周三 2025/12/24 23:44:22.53] Pushing to remote... 
[周三 2025/12/24 23:44:43.71] [ERROR] Push Failed. Check log/network. 
[周三 2025/12/24 23:44:43.71] Process Finished. 
[周三 2025/12/24 23:44:43.72] =================================================== 
[周三 2025/12/24 23:45:15.90] =================================================== 
[周三 2025/12/24 23:45:15.91] Starting Sync Cycle... 
[周三 2025/12/24 23:45:16.05] Current Branch: master 
[周三 2025/12/24 23:45:16.06] Checking for local changes... 
[周三 2025/12/24 23:45:16.18] Changes detected. Files to be committed: 
MM auto_git_dbfd.log
[周三 2025/12/24 23:45:16.31] Committing changes... 
[master 13f9e09] Auto-commit: 周三 2025/12/24 23:45:16.18
 1 file changed, 18 insertions(+)
[周三 2025/12/24 23:45:16.43] Commit successful. 
[周三 2025/12/24 23:45:16.43] Pulling updates from remote... 
error: cannot pull with rebase: You have unstaged changes.
error: Please commit or stash them.
[周三 2025/12/24 23:45:16.50] [WARN] Pull failed (conflicts or no upstream). Attempting push anyway... 
[周三 2025/12/24 23:45:16.64] Pushing to remote... 
[周三 2025/12/24 23:45:37.85] [ERROR] Push Failed. Check log/network. 
[周三 2025/12/24 23:45:37.85] Process Finished. 
[周三 2025/12/24 23:45:37.86] =================================================== 
[周三 2025/12/24 23:48:49.19] =================================================== 
[周三 2025/12/24 23:48:49.20] Starting Sync Cycle... 
[周三 2025/12/24 23:48:49.35] Current Branch: master 
[周三 2025/12/24 23:48:49.36] Checking for local changes... 
[周三 2025/12/24 23:48:49.48] Changes detected. Files to be committed: 
MM auto_git_dbfd.log
[周三 2025/12/24 23:48:49.61] Committing changes... 
[master 04d4529] Auto-commit: 周三 2025/12/24 23:48:49.48
 1 file changed, 18 insertions(+)
[周三 2025/12/24 23:48:49.79] Commit successful. 
[周三 2025/12/24 23:48:49.79] Pulling updates from remote... 
error: cannot pull with rebase: You have unstaged changes.
error: Please commit or stash them.
[周三 2025/12/24 23:48:49.89] [WARN] Pull failed (conflicts or no upstream). Attempting push anyway... 
[周三 2025/12/24 23:48:50.02] Pushing to remote... 
[周三 2025/12/24 23:49:11.24] [ERROR] Push Failed. Check log/network. 
[周三 2025/12/24 23:49:11.24] Process Finished. 
[周三 2025/12/24 23:49:11.25] =================================================== 
[周三 2025/12/24 23:52:10.86] =================================================== 
[周三 2025/12/24 23:52:10.86] Starting Sync Cycle... 
[周三 2025/12/24 23:52:10.94] [WARN] Current remote is 'https://github.com/Karl-441/DBFD.git'. Switching to SSH 'git@github.com:Karl-441/DBFD.git'... 
[周三 2025/12/24 23:52:11.07] Current Branch: master 
[周三 2025/12/24 23:52:11.07] Checking for local changes... 
[周三 2025/12/24 23:52:11.21] Changes detected. Files to be committed: 
MM auto_git_dbfd.log
M  auto_push.bat
[周三 2025/12/24 23:52:11.33] Committing changes... 
[master 3ae3cec] Auto-commit: 周三 2025/12/24 23:52:11.20
 2 files changed, 38 insertions(+), 12 deletions(-)
[周三 2025/12/24 23:52:11.45] Commit successful. 
[周三 2025/12/24 23:52:11.45] Pulling updates from remote... 
error: cannot pull with rebase: You have unstaged changes.
error: Please commit or stash them.
[周三 2025/12/24 23:52:11.53] [WARN] Pull failed (conflicts or no upstream). Attempting push anyway... 
[周三 2025/12/24 23:52:11.65] Pushing to remote... 
[周三 2025/12/24 23:52:17.19] [ERROR] Push Failed. Check log/network. 
[周三 2025/12/24 23:52:17.19] Process Finished. 
[周三 2025/12/24 23:52:17.20] =================================================== 
[周三 2025/12/24 23:52:26.39] =================================================== 
[周三 2025/12/24 23:52:26.39] Starting Sync Cycle... 
[周三 2025/12/24 23:52:26.55] Current Branch: master 
[周三 2025/12/24 23:52:26.55] Checking for local changes... 
[周三 2025/12/24 23:52:26.68] Changes detected. Files to be committed: 
MM auto_git_dbfd.log
[周三 2025/12/24 23:52:26.81] Committing changes... 
[master 1970cb5] Auto-commit: 周三 2025/12/24 23:52:26.68
 1 file changed, 19 insertions(+)
[周三 2025/12/24 23:52:26.92] Commit successful. 
[周三 2025/12/24 23:52:26.92] Pulling updates from remote... 
error: cannot pull with rebase: You have unstaged changes.
error: Please commit or stash them.
[周三 2025/12/24 23:52:26.99] [WARN] Pull failed (conflicts or no upstream). Attempting push anyway... 
[周三 2025/12/24 23:52:27.11] Pushing to remote... 
[周三 2025/12/24 23:52:32.51] [ERROR] Push Failed. Check log/network. 
[周三 2025/12/24 23:52:32.51] Process Finished. 
[周三 2025/12/24 23:52:32.51] =================================================== 
[周三 2025/12/24 23:52:39.86] =================================================== 
[周三 2025/12/24 23:52:39.86] Starting Sync Cycle... 
[周三 2025/12/24 23:52:40.00] Current Branch: master 
[周三 2025/12/24 23:52:40.00] Checking for local changes... 
[周三 2025/12/24 23:52:40.13] Changes detected. Files to be committed: 
MM auto_git_dbfd.log
[周三 2025/12/24 23:52:40.26] Committing changes... 
[master 96134f5] Auto-commit: 周三 2025/12/24 23:52:40.13
 1 file changed, 18 insertions(+)
[周三 2025/12/24 23:52:40.37] Commit successful. 
[周三 2025/12/24 23:52:40.38] Pulling updates from remote... 
error: cannot pull with rebase: You have unstaged changes.
error: Please commit or stash them.
[周三 2025/12/24 23:52:40.45] [WARN] Pull failed (conflicts or no upstream). Attempting push anyway... 
[周三 2025/12/24 23:52:40.58] Pushing to remote... 
[周三 2025/12/24 23:52:46.44] [ERROR] Push Failed. Check log/network. 
[周三 2025/12/24 23:52:46.45] Process Finished. 
[周三 2025/12/24 23:52:46.46] =================================================== 
[周三 2025/12/24 23:54:36.35] =================================================== 
[周三 2025/12/24 23:54:36.35] Starting Sync Cycle... 
[周三 2025/12/24 23:54:36.35] [ERROR] .git directory not found. Initializing... 
[周三 2025/12/24 23:54:36.52] [INFO] Remote 'origin' not found. Setting to git@github.com:Karl-441/DBFD.git... 
[周三 2025/12/24 23:54:36.66] Current Branch: master 
[周三 2025/12/24 23:54:36.66] Checking for local changes... 
[周三 2025/12/24 23:54:37.07] Changes detected. Files to be committed: 
A  .gitignore
A  algorithm/features.py
A  algorithm/fusion.py
A  algorithm/pnn.py
A  algorithm/preprocess.py
AM auto_git_dbfd.log
A  auto_push.bat
A  core/dataset_manager.py
A  core/output_manager.py
A  core/pi_compat/check_pi.py
A  docs/PERFORMANCE_REPORT.md
A  docs/USER_MANUAL.md
A  main.py
A  requirements.txt
A  run_ui.bat
A  tests/performance_test.py
A  tools/auto_train_yolo.py
A  tools/labeling_tool.py
A  tools/run_labeling.bat
A  train_pnn.py
A  ui/data_manager_ui.py
A  ui/gui.py
A  yolo-dbfd/Arial.ttf
A  yolo-dbfd/data/Argoverse.yaml
A  yolo-dbfd/data/GlobalWheat2020.yaml
A  yolo-dbfd/data/Objects365.yaml
A  yolo-dbfd/data/SKU-110K.yaml
A  yolo-dbfd/data/VOC.yaml
A  yolo-dbfd/data/VisDrone.yaml
A  yolo-dbfd/data/coco.yaml
A  yolo-dbfd/data/coco128.yaml
A  yolo-dbfd/data/data.yaml
A  yolo-dbfd/data/fire_data.yaml
A  yolo-dbfd/data/hyps/hyp.finetune.yaml
A  yolo-dbfd/data/hyps/hyp.finetune_objects365.yaml
A  yolo-dbfd/data/hyps/hyp.scratch-high.yaml
A  yolo-dbfd/data/hyps/hyp.scratch-low.yaml
A  yolo-dbfd/data/hyps/hyp.scratch-med.yaml
A  yolo-dbfd/data/hyps/hyp.scratch.yaml
A  yolo-dbfd/data/mask_data.yaml
A  yolo-dbfd/data/scripts/download_weights.sh
A  yolo-dbfd/data/scripts/get_coco.sh
A  yolo-dbfd/data/scripts/get_coco128.sh
A  yolo-dbfd/data/xView.yaml
A  yolo-dbfd/data_gen.py
A  yolo-dbfd/detect.py
A  yolo-dbfd/docs/Dockerfile
A  yolo-dbfd/docs/README.md
A  yolo-dbfd/docs/tutorial.ipynb
A  yolo-dbfd/export.py
A  yolo-dbfd/hubconf.py
A  yolo-dbfd/images/UI/logo.jpeg
A  yolo-dbfd/images/UI/right.jpeg
A  yolo-dbfd/images/UI/up.jpeg
A  yolo-dbfd/images/right.jpeg
A  yolo-dbfd/setup.cfg
A  yolo-dbfd/train.py
A  "yolo-dbfd/train_\346\226\260.py"
A  yolo-dbfd/utils/__init__.py
A  yolo-dbfd/utils/activations.py
A  yolo-dbfd/utils/augmentations.py
A  yolo-dbfd/utils/autoanchor.py
A  yolo-dbfd/utils/autobatch.py
A  yolo-dbfd/utils/aws/__init__.py
A  yolo-dbfd/utils/aws/mime.sh
A  yolo-dbfd/utils/aws/resume.py
A  yolo-dbfd/utils/aws/userdata.sh
A  yolo-dbfd/utils/callbacks.py
A  yolo-dbfd/utils/datasets.py
A  yolo-dbfd/utils/datasets_not_print.py
A  yolo-dbfd/utils/downloads.py
A  yolo-dbfd/utils/flask_rest_api/README.md
A  yolo-dbfd/utils/flask_rest_api/example_request.py
A  yolo-dbfd/utils/flask_rest_api/restapi.py
A  yolo-dbfd/utils/general.py
A  yolo-dbfd/utils/google_app_engine/Dockerfile
A  yolo-dbfd/utils/google_app_engine/additional_requirements.txt
A  yolo-dbfd/utils/google_app_engine/app.yaml
A  yolo-dbfd/utils/loggers/__init__.py
A  yolo-dbfd/utils/loggers/wandb/README.md
A  yolo-dbfd/utils/loggers/wandb/__init__.py
A  yolo-dbfd/utils/loggers/wandb/log_dataset.py
A  yolo-dbfd/utils/loggers/wandb/sweep.py
A  yolo-dbfd/utils/loggers/wandb/sweep.yaml
A  yolo-dbfd/utils/loggers/wandb/wandb_utils.py
A  yolo-dbfd/utils/loss.py
A  yolo-dbfd/utils/metrics.py
A  yolo-dbfd/utils/plots.py
A  yolo-dbfd/utils/torch_utils.py
A  yolo-dbfd/utils/ui/__init__.py
A  yolo-dbfd/utils/ui/ji.py
A  yolo-dbfd/utils/ui/server_main.py
A  yolo-dbfd/utils/ui/train_server.py
A  yolo-dbfd/utils/ui/x.py
A  yolo-dbfd/val.py
A  yolo-dbfd/window.py
A  yolo_v8_detect.py
[周三 2025/12/24 23:54:37.21] Committing changes... 
[master (root-commit) fd3c7a0] Auto-commit: 周三 2025/12/24 23:54:37.07
 97 files changed, 14852 insertions(+)
 create mode 100644 .gitignore
 create mode 100644 algorithm/features.py
 create mode 100644 algorithm/fusion.py
 create mode 100644 algorithm/pnn.py
 create mode 100644 algorithm/preprocess.py
 create mode 100644 auto_git_dbfd.log
 create mode 100644 auto_push.bat
 create mode 100644 core/dataset_manager.py
 create mode 100644 core/output_manager.py
 create mode 100644 core/pi_compat/check_pi.py
 create mode 100644 docs/PERFORMANCE_REPORT.md
 create mode 100644 docs/USER_MANUAL.md
 create mode 100644 main.py
 create mode 100644 requirements.txt
 create mode 100644 run_ui.bat
 create mode 100644 tests/performance_test.py
 create mode 100644 tools/auto_train_yolo.py
 create mode 100644 tools/labeling_tool.py
 create mode 100644 tools/run_labeling.bat
 create mode 100644 train_pnn.py
 create mode 100644 ui/data_manager_ui.py
 create mode 100644 ui/gui.py
 create mode 100644 yolo-dbfd/Arial.ttf
 create mode 100644 yolo-dbfd/data/Argoverse.yaml
 create mode 100644 yolo-dbfd/data/GlobalWheat2020.yaml
 create mode 100644 yolo-dbfd/data/Objects365.yaml
 create mode 100644 yolo-dbfd/data/SKU-110K.yaml
 create mode 100644 yolo-dbfd/data/VOC.yaml
 create mode 100644 yolo-dbfd/data/VisDrone.yaml
 create mode 100644 yolo-dbfd/data/coco.yaml
 create mode 100644 yolo-dbfd/data/coco128.yaml
 create mode 100644 yolo-dbfd/data/data.yaml
 create mode 100644 yolo-dbfd/data/fire_data.yaml
 create mode 100644 yolo-dbfd/data/hyps/hyp.finetune.yaml
 create mode 100644 yolo-dbfd/data/hyps/hyp.finetune_objects365.yaml
 create mode 100644 yolo-dbfd/data/hyps/hyp.scratch-high.yaml
 create mode 100644 yolo-dbfd/data/hyps/hyp.scratch-low.yaml
 create mode 100644 yolo-dbfd/data/hyps/hyp.scratch-med.yaml
 create mode 100644 yolo-dbfd/data/hyps/hyp.scratch.yaml
 create mode 100644 yolo-dbfd/data/mask_data.yaml
 create mode 100644 yolo-dbfd/data/scripts/download_weights.sh
 create mode 100644 yolo-dbfd/data/scripts/get_coco.sh
 create mode 100644 yolo-dbfd/data/scripts/get_coco128.sh
 create mode 100644 yolo-dbfd/data/xView.yaml
 create mode 100644 yolo-dbfd/data_gen.py
 create mode 100644 yolo-dbfd/detect.py
 create mode 100644 yolo-dbfd/docs/Dockerfile
 create mode 100644 yolo-dbfd/docs/README.md
 create mode 100644 yolo-dbfd/docs/tutorial.ipynb
 create mode 100644 yolo-dbfd/export.py
 create mode 100644 yolo-dbfd/hubconf.py
 create mode 100644 yolo-dbfd/images/UI/logo.jpeg
 create mode 100644 yolo-dbfd/images/UI/right.jpeg
 create mode 100644 yolo-dbfd/images/UI/up.jpeg
 create mode 100644 yolo-dbfd/images/right.jpeg
 create mode 100644 yolo-dbfd/setup.cfg
 create mode 100644 yolo-dbfd/train.py
 create mode 100644 "yolo-dbfd/train_\346\226\260.py"
 create mode 100644 yolo-dbfd/utils/__init__.py
 create mode 100644 yolo-dbfd/utils/activations.py
 create mode 100644 yolo-dbfd/utils/augmentations.py
 create mode 100644 yolo-dbfd/utils/autoanchor.py
 create mode 100644 yolo-dbfd/utils/autobatch.py
 create mode 100644 yolo-dbfd/utils/aws/__init__.py
 create mode 100644 yolo-dbfd/utils/aws/mime.sh
 create mode 100644 yolo-dbfd/utils/aws/resume.py
 create mode 100644 yolo-dbfd/utils/aws/userdata.sh
 create mode 100644 yolo-dbfd/utils/callbacks.py
 create mode 100644 yolo-dbfd/utils/datasets.py
 create mode 100644 yolo-dbfd/utils/datasets_not_print.py
 create mode 100644 yolo-dbfd/utils/downloads.py
 create mode 100644 yolo-dbfd/utils/flask_rest_api/README.md
 create mode 100644 yolo-dbfd/utils/flask_rest_api/example_request.py
 create mode 100644 yolo-dbfd/utils/flask_rest_api/restapi.py
 create mode 100644 yolo-dbfd/utils/general.py
 create mode 100644 yolo-dbfd/utils/google_app_engine/Dockerfile
 create mode 100644 yolo-dbfd/utils/google_app_engine/additional_requirements.txt
 create mode 100644 yolo-dbfd/utils/google_app_engine/app.yaml
 create mode 100644 yolo-dbfd/utils/loggers/__init__.py
 create mode 100644 yolo-dbfd/utils/loggers/wandb/README.md
 create mode 100644 yolo-dbfd/utils/loggers/wandb/__init__.py
 create mode 100644 yolo-dbfd/utils/loggers/wandb/log_dataset.py
 create mode 100644 yolo-dbfd/utils/loggers/wandb/sweep.py
 create mode 100644 yolo-dbfd/utils/loggers/wandb/sweep.yaml
 create mode 100644 yolo-dbfd/utils/loggers/wandb/wandb_utils.py
 create mode 100644 yolo-dbfd/utils/loss.py
 create mode 100644 yolo-dbfd/utils/metrics.py
 create mode 100644 yolo-dbfd/utils/plots.py
 create mode 100644 yolo-dbfd/utils/torch_utils.py
 create mode 100644 yolo-dbfd/utils/ui/__init__.py
 create mode 100644 yolo-dbfd/utils/ui/ji.py
 create mode 100644 yolo-dbfd/utils/ui/server_main.py
 create mode 100644 yolo-dbfd/utils/ui/train_server.py
 create mode 100644 yolo-dbfd/utils/ui/x.py
 create mode 100644 yolo-dbfd/val.py
 create mode 100644 yolo-dbfd/window.py
 create mode 100644 yolo_v8_detect.py
[周三 2025/12/24 23:54:37.42] Commit successful. 
[周三 2025/12/24 23:54:37.42] Pulling updates from remote... 
error: cannot pull with rebase: You have unstaged changes.
error: Please commit or stash them.
[周三 2025/12/24 23:54:37.50] [WARN] Pull failed (conflicts or no upstream). Attempting push anyway... 
[周三 2025/12/24 23:54:37.64] Pushing to remote... 
[周三 2025/12/24 23:54:43.05] [SUCCESS] Push Successful. 
[周三 2025/12/24 23:54:43.05] Process Finished. 
[周三 2025/12/24 23:54:43.06] =================================================== 
[周四 2025/12/25  0:00:42.95] =================================================== 
[周四 2025/12/25  0:00:42.96] Starting Sync Cycle... 
[周四 2025/12/25  0:00:43.14] Current Branch: main 
[周四 2025/12/25  0:00:43.14] Checking for local changes... 
[周四 2025/12/25  0:00:43.29] Changes detected. Files to be committed: 
A  README.md
MM auto_git_dbfd.log
M  auto_push.bat
[周四 2025/12/25  0:00:43.42] Committing changes... 
[main 6452107] Auto-commit: 周四 2025/12/25  0:00:43.29
 3 files changed, 286 insertions(+), 5 deletions(-)
 create mode 100644 README.md
[周四 2025/12/25  0:00:43.54] Commit successful. 
[周四 2025/12/25  0:00:43.55] Pulling updates from remote... 
error: cannot pull with rebase: You have unstaged changes.
error: Please commit or stash them.
[周四 2025/12/25  0:00:43.61] [WARN] Pull failed (conflicts or no upstream). Attempting push anyway... 
[周四 2025/12/25  0:00:43.70] Files to be pushed: 
 README.md         |  71 ++++++++++++++++++
 auto_git_dbfd.log | 211 ++++++++++++++++++++++++++++++++++++++++++++++++++++++
 auto_push.bat     |   9 ++-
 3 files changed, 286 insertions(+), 5 deletions(-)
[周四 2025/12/25  0:00:44.01] Pushing to remote... 
[周四 2025/12/25  0:00:47.78] [SUCCESS] Push Successful. 
[周四 2025/12/25  0:00:47.78] Process Finished. 
[周四 2025/12/25  0:00:47.79] =================================================== 
[周四 2025/12/25  0:14:13.10] =================================================== 
[周四 2025/12/25  0:14:13.11] Starting Sync Cycle... 
[周四 2025/12/25  0:14:13.27] Current Branch: main 
[周四 2025/12/25  0:14:13.27] Checking for local changes... 
[周四 2025/12/25  0:14:13.43] Changes detected. Files to be committed: 
M  README.md
MM auto_git_dbfd.log
A  install_dependencies.bat
R  tools/run_labeling.bat -> run_labeling.bat
M  run_ui.bat
D  yolo-dbfd/Arial.ttf
D  yolo-dbfd/data/Argoverse.yaml
D  yolo-dbfd/data/GlobalWheat2020.yaml
D  yolo-dbfd/data/Objects365.yaml
D  yolo-dbfd/data/SKU-110K.yaml
D  yolo-dbfd/data/VOC.yaml
D  yolo-dbfd/data/VisDrone.yaml
D  yolo-dbfd/data/coco.yaml
D  yolo-dbfd/data/coco128.yaml
D  yolo-dbfd/data/data.yaml
D  yolo-dbfd/data/fire_data.yaml
D  yolo-dbfd/data/hyps/hyp.finetune.yaml
D  yolo-dbfd/data/hyps/hyp.finetune_objects365.yaml
D  yolo-dbfd/data/hyps/hyp.scratch-high.yaml
D  yolo-dbfd/data/hyps/hyp.scratch-low.yaml
D  yolo-dbfd/data/hyps/hyp.scratch-med.yaml
D  yolo-dbfd/data/hyps/hyp.scratch.yaml
D  yolo-dbfd/data/mask_data.yaml
D  yolo-dbfd/data/scripts/download_weights.sh
D  yolo-dbfd/data/scripts/get_coco.sh
D  yolo-dbfd/data/scripts/get_coco128.sh
D  yolo-dbfd/data/xView.yaml
D  yolo-dbfd/data_gen.py
D  yolo-dbfd/detect.py
D  yolo-dbfd/docs/Dockerfile
D  yolo-dbfd/docs/README.md
D  yolo-dbfd/docs/tutorial.ipynb
D  yolo-dbfd/export.py
D  yolo-dbfd/hubconf.py
D  yolo-dbfd/images/UI/logo.jpeg
D  yolo-dbfd/images/UI/right.jpeg
D  yolo-dbfd/images/UI/up.jpeg
D  yolo-dbfd/images/right.jpeg
D  yolo-dbfd/setup.cfg
D  yolo-dbfd/train.py
D  "yolo-dbfd/train_\346\226\260.py"
D  yolo-dbfd/utils/__init__.py
D  yolo-dbfd/utils/activations.py
D  yolo-dbfd/utils/augmentations.py
D  yolo-dbfd/utils/autoanchor.py
D  yolo-dbfd/utils/autobatch.py
D  yolo-dbfd/utils/aws/__init__.py
D  yolo-dbfd/utils/aws/mime.sh
D  yolo-dbfd/utils/aws/resume.py
D  yolo-dbfd/utils/aws/userdata.sh
D  yolo-dbfd/utils/callbacks.py
D  yolo-dbfd/utils/datasets.py
D  yolo-dbfd/utils/datasets_not_print.py
D  yolo-dbfd/utils/downloads.py
D  yolo-dbfd/utils/flask_rest_api/README.md
D  yolo-dbfd/utils/flask_rest_api/example_request.py
D  yolo-dbfd/utils/flask_rest_api/restapi.py
D  yolo-dbfd/utils/general.py
D  yolo-dbfd/utils/google_app_engine/Dockerfile
D  yolo-dbfd/utils/google_app_engine/additional_requirements.txt
D  yolo-dbfd/utils/google_app_engine/app.yaml
D  yolo-dbfd/utils/loggers/__init__.py
D  yolo-dbfd/utils/loggers/wandb/README.md
D  yolo-dbfd/utils/loggers/wandb/__init__.py
D  yolo-dbfd/utils/loggers/wandb/log_dataset.py
D  yolo-dbfd/utils/loggers/wandb/sweep.py
D  yolo-dbfd/utils/loggers/wandb/sweep.yaml
D  yolo-dbfd/utils/loggers/wandb/wandb_utils.py
D  yolo-dbfd/utils/loss.py
D  yolo-dbfd/utils/metrics.py
D  yolo-dbfd/utils/plots.py
D  yolo-dbfd/utils/torch_utils.py
D  yolo-dbfd/utils/ui/__init__.py
D  yolo-dbfd/utils/ui/ji.py
D  yolo-dbfd/utils/ui/server_main.py
D  yolo-dbfd/utils/ui/train_server.py
D  yolo-dbfd/utils/ui/x.py
D  yolo-dbfd/val.py
D  yolo-dbfd/window.py
[周四 2025/12/25  0:14:13.60] Committing changes... 
[main d3d23ea] Auto-commit: 周四 2025/12/25  0:14:13.43
 79 files changed, 82 insertions(+), 11905 deletions(-)
 create mode 100644 install_dependencies.bat
 rename tools/run_labeling.bat => run_labeling.bat (64%)
 delete mode 100644 yolo-dbfd/Arial.ttf
 delete mode 100644 yolo-dbfd/data/Argoverse.yaml
 delete mode 100644 yolo-dbfd/data/GlobalWheat2020.yaml
 delete mode 100644 yolo-dbfd/data/Objects365.yaml
 delete mode 100644 yolo-dbfd/data/SKU-110K.yaml
 delete mode 100644 yolo-dbfd/data/VOC.yaml
 delete mode 100644 yolo-dbfd/data/VisDrone.yaml
 delete mode 100644 yolo-dbfd/data/coco.yaml
 delete mode 100644 yolo-dbfd/data/coco128.yaml
 delete mode 100644 yolo-dbfd/data/data.yaml
 delete mode 100644 yolo-dbfd/data/fire_data.yaml
 delete mode 100644 yolo-dbfd/data/hyps/hyp.finetune.yaml
 delete mode 100644 yolo-dbfd/data/hyps/hyp.finetune_objects365.yaml
 delete mode 100644 yolo-dbfd/data/hyps/hyp.scratch-high.yaml
 delete mode 100644 yolo-dbfd/data/hyps/hyp.scratch-low.yaml
 delete mode 100644 yolo-dbfd/data/hyps/hyp.scratch-med.yaml
 delete mode 100644 yolo-dbfd/data/hyps/hyp.scratch.yaml
 delete mode 100644 yolo-dbfd/data/mask_data.yaml
 delete mode 100644 yolo-dbfd/data/scripts/download_weights.sh
 delete mode 100644 yolo-dbfd/data/scripts/get_coco.sh
 delete mode 100644 yolo-dbfd/data/scripts/get_coco128.sh
 delete mode 100644 yolo-dbfd/data/xView.yaml
 delete mode 100644 yolo-dbfd/data_gen.py
 delete mode 100644 yolo-dbfd/detect.py
 delete mode 100644 yolo-dbfd/docs/Dockerfile
 delete mode 100644 yolo-dbfd/docs/README.md
 delete mode 100644 yolo-dbfd/docs/tutorial.ipynb
 delete mode 100644 yolo-dbfd/export.py
 delete mode 100644 yolo-dbfd/hubconf.py
 delete mode 100644 yolo-dbfd/images/UI/logo.jpeg
 delete mode 100644 yolo-dbfd/images/UI/right.jpeg
 delete mode 100644 yolo-dbfd/images/UI/up.jpeg
 delete mode 100644 yolo-dbfd/images/right.jpeg
 delete mode 100644 yolo-dbfd/setup.cfg
 delete mode 100644 yolo-dbfd/train.py
 delete mode 100644 "yolo-dbfd/train_\346\226\260.py"
 delete mode 100644 yolo-dbfd/utils/__init__.py
 delete mode 100644 yolo-dbfd/utils/activations.py
 delete mode 100644 yolo-dbfd/utils/augmentations.py
 delete mode 100644 yolo-dbfd/utils/autoanchor.py
 delete mode 100644 yolo-dbfd/utils/autobatch.py
 delete mode 100644 yolo-dbfd/utils/aws/__init__.py
 delete mode 100644 yolo-dbfd/utils/aws/mime.sh
 delete mode 100644 yolo-dbfd/utils/aws/resume.py
 delete mode 100644 yolo-dbfd/utils/aws/userdata.sh
 delete mode 100644 yolo-dbfd/utils/callbacks.py
 delete mode 100644 yolo-dbfd/utils/datasets.py
 delete mode 100644 yolo-dbfd/utils/datasets_not_print.py
 delete mode 100644 yolo-dbfd/utils/downloads.py
 delete mode 100644 yolo-dbfd/utils/flask_rest_api/README.md
 delete mode 100644 yolo-dbfd/utils/flask_rest_api/example_request.py
 delete mode 100644 yolo-dbfd/utils/flask_rest_api/restapi.py
 delete mode 100644 yolo-dbfd/utils/general.py
 delete mode 100644 yolo-dbfd/utils/google_app_engine/Dockerfile
 delete mode 100644 yolo-dbfd/utils/google_app_engine/additional_requirements.txt
 delete mode 100644 yolo-dbfd/utils/google_app_engine/app.yaml
 delete mode 100644 yolo-dbfd/utils/loggers/__init__.py
 delete mode 100644 yolo-dbfd/utils/loggers/wandb/README.md
 delete mode 100644 yolo-dbfd/utils/loggers/wandb/__init__.py
 delete mode 100644 yolo-dbfd/utils/loggers/wandb/log_dataset.py
 delete mode 100644 yolo-dbfd/utils/loggers/wandb/sweep.py
 delete mode 100644 yolo-dbfd/utils/loggers/wandb/sweep.yaml
 delete mode 100644 yolo-dbfd/utils/loggers/wandb/wandb_utils.py
 delete mode 100644 yolo-dbfd/utils/loss.py
 delete mode 100644 yolo-dbfd/utils/metrics.py
 delete mode 100644 yolo-dbfd/utils/plots.py
 delete mode 100644 yolo-dbfd/utils/torch_utils.py
 delete mode 100644 yolo-dbfd/utils/ui/__init__.py
 delete mode 100644 yolo-dbfd/utils/ui/ji.py
 delete mode 100644 yolo-dbfd/utils/ui/server_main.py
 delete mode 100644 yolo-dbfd/utils/ui/train_server.py
 delete mode 100644 yolo-dbfd/utils/ui/x.py
 delete mode 100644 yolo-dbfd/val.py
 delete mode 100644 yolo-dbfd/window.py
[周四 2025/12/25  0:14:13.77] Commit successful. 
[周四 2025/12/25  0:14:13.77] Pulling updates from remote... 
error: cannot pull with rebase: You have unstaged changes.
error: Please commit or stash them.
[周四 2025/12/25  0:14:13.84] [WARN] Pull failed (conflicts or no upstream). Attempting push anyway... 
[周四 2025/12/25  0:14:13.97] Files to be pushed: 
[周四 2025/12/25  0:33:50.38] =================================================== 
[周四 2025/12/25  0:33:50.38] Starting Sync Cycle... 
[周四 2025/12/25  0:33:50.55] Current Branch: main 
[周四 2025/12/25  0:33:50.57] Checking for local changes... 
[周四 2025/12/25  0:33:50.72] Changes detected. Files to be committed: 
MM auto_git_dbfd.log
M  install_dependencies.bat
M  ui/gui.py
[周四 2025/12/25  0:33:50.89] Committing changes... 
[main 9d579b3] Auto-commit: 周四 2025/12/25  0:33:50.71
 3 files changed, 191 insertions(+), 25 deletions(-)
[周四 2025/12/25  0:33:51.02] Commit successful. 
[周四 2025/12/25  0:33:51.04] Pulling updates from remote... 
error: cannot pull with rebase: You have unstaged changes.
error: Please commit or stash them.
[周四 2025/12/25  0:33:51.12] [WARN] Pull failed (conflicts or no upstream). Attempting push anyway... 
[周四 2025/12/25  0:33:51.31] Files to be pushed: 
[周四 2025/12/25  0:35:58.71] =================================================== 
[周四 2025/12/25  0:35:58.71] Starting Sync Cycle... 
[周四 2025/12/25  0:35:58.88] Current Branch: main 
[周四 2025/12/25  0:35:58.89] Checking for local changes... 
[周四 2025/12/25  0:35:59.04] Changes detected. Files to be committed: 
MM auto_git_dbfd.log
[周四 2025/12/25  0:35:59.21] Committing changes... 
[main f13180d] Auto-commit: 周四 2025/12/25  0:35:59.04
 1 file changed, 17 insertions(+)
[周四 2025/12/25  0:35:59.39] Commit successful. 
[周四 2025/12/25  0:35:59.40] Pulling updates from remote... 
error: cannot pull with rebase: You have unstaged changes.
error: Please commit or stash them.
[周四 2025/12/25  0:35:59.49] [WARN] Pull failed (conflicts or no upstream). Attempting push anyway... 
[周四 2025/12/25  0:35:59.66] Files to be pushed: 
[周四 2025/12/25  0:39:22.46] =================================================== 
[周四 2025/12/25  0:39:22.47] Starting Sync Cycle... 
[周四 2025/12/25  0:39:22.63] Current Branch: main 
[周四 2025/12/25  0:39:22.63] Checking for local changes... 
[周四 2025/12/25  0:39:22.77] Changes detected. Files to be committed: 
MM auto_git_dbfd.log
[周四 2025/12/25  0:39:22.91] Committing changes... 
[main 3b38a34] Auto-commit: 周四 2025/12/25  0:39:22.77
 1 file changed, 15 insertions(+)
[周四 2025/12/25  0:39:23.03] Commit successful. 
[周四 2025/12/25  0:39:23.03] Pulling updates from remote... 
error: cannot pull with rebase: You have unstaged changes.
error: Please commit or stash them.
[周四 2025/12/25  0:39:23.10] [WARN] Pull failed (conflicts or no upstream). Attempting push anyway... 
[周四 2025/12/25  0:39:23.22] Files to be pushed: 
[周四 2025/12/25  0:43:38.76] =================================================== 
[周四 2025/12/25  0:43:38.76] Starting Sync Cycle... 
[周四 2025/12/25  0:43:38.98] Current Branch: main 
[周四 2025/12/25  0:43:38.98] Checking for local changes... 
[周四 2025/12/25  0:43:39.12] Changes detected. Files to be committed: 
A  asd
MM auto_git_dbfd.log
M  auto_push.bat
[周四 2025/12/25  0:43:39.25] Committing changes... 
[main 62a99fd] Auto-commit: 周四 2025/12/25  0:43:39.12
 3 files changed, 146 insertions(+), 40 deletions(-)
 create mode 100644 asd
[周四 2025/12/25  0:43:39.37] Commit successful. 
[周四 2025/12/25  0:43:39.38] Fetching updates from remote... 
Warning: Permanently added '[ssh.github.com]:443' (ED25519) to the list of known hosts.
[周四 2025/12/25  0:43:43.22] Pulling updates from remote... 
error: cannot pull with rebase: You have unstaged changes.
error: Please commit or stash them.
[周四 2025/12/25  0:43:43.28] [WARN] Pull failed (conflicts?). Attempting push anyway... 
[周四 2025/12/25  0:43:43.42] Files to be pushed: 
 asd               | 81 +++++++++++++++++++++++++++++++++++++++++++++++++
 auto_git_dbfd.log | 15 ++++++++++
 auto_push.bat     | 90 ++++++++++++++++++++++++++++++-------------------------
 3 files changed, 146 insertions(+), 40 deletions(-)
[周四 2025/12/25  0:43:43.42] Pushing to remote... 
Warning: Permanently added '[ssh.github.com]:443' (ED25519) to the list of known hosts.
branch 'main' set up to track 'origin/main'.
To github.com:Karl-441/DBFD.git
   3b38a34..62a99fd  main -> main
[周四 2025/12/25  0:43:47.03] [SUCCESS] Push Successful. 
[周四 2025/12/25  0:43:47.03] Process Finished. 
[周四 2025/12/25  0:43:47.03] =================================================== 
[周四 2025/12/25 10:04:06.62] =================================================== 
[周四 2025/12/25 10:04:06.62] Starting Sync Cycle... 
[周四 2025/12/25 10:04:06.82] Current Branch: main 
[周四 2025/12/25 10:04:06.83] Checking for local changes... 
